<?xml version="1.0" encoding="UTF-8"?>
<!-- Generated by org.testng.reporters.JUnitXMLReporter -->
<testsuite ignored="0" hostname="DESKTOP-RCIIT71" failures="0" tests="18" name="Test" time="0.229" errors="0" timestamp="2022-08-03T14:16:47 IST">
  <testcase classname="TestCase.Ex1ModuleNo1" name="Sanitytest" time="0.007"/>
  <testcase classname="TestCase.Ex1ModuleNo1" name="Sanitytest" time="0.004"/>
  <testcase classname="TestCase.Ex1ModuleNo1" name="Smoketest" time="0.003"/>
  <testcase classname="TestCase.Ex1ModuleNo1" name="Smoketest" time="0.006"/>
  <testcase classname="TestCase.Ex1ModuleNo2" name="FunctionalTest" time="0.006"/>
  <testcase classname="TestCase.Ex1ModuleNo2" name="FunctionalCoveragesTest" time="0.002"/>
  <testcase classname="TestCase.Ex1ModuleNo2" name="BehaviriolCoverageTest" time="0.005"/>
  <testcase classname="TestCase.Ex1ModuleNo2" name="InputDomainCoverageTest" time="0.003"/>
  <testcase classname="TestCase.Ex1ModuleNo2" name="ErrorhandalingCoverageTest" time="0.006"/>
  <testcase classname="TestCase.Ex1ModuleNo2" name="BackendCoverageTest" time="0.002"/>
  <testcase classname="TestCase.Ex1ModuleNo2" name="ServiceBaseCoverageTest" time="0.002"/>
  <testcase classname="TestCase.Ex1ModuleNo2" name="CalculationBaseCoverageTest" time="0.001"/>
  <testcase classname="TestCase.Ex1ModuleNo3" name="NonFunctionalTest" time="0.002"/>
  <testcase classname="TestCase.Ex1ModuleNo3" name="RecoveryTest" time="0.003"/>
  <testcase classname="TestCase.Ex1ModuleNo3" name="CompatibilityTest1" time="0.002"/>
  <testcase classname="TestCase.Ex1ModuleNo3" name="ConfigurationTest" time="0.002"/>
  <testcase classname="TestCase.Ex1ModuleNo4" name="InstallationTest" time="0.003"/>
  <testcase classname="TestCase.Ex1ModuleNo4" name="GlobalizationTest1" time="0.001"/>
</testsuite> <!-- Test -->
