<?xml version="1.0" encoding="UTF-8"?>
<!-- Generated by org.testng.reporters.JUnitXMLReporter -->
<testsuite ignored="0" hostname="DESKTOP-RCIIT71" failures="0" tests="6" name="Chrome Browser Test" time="7.038" errors="0" timestamp="2022-08-06T12:41:17 IST">
  <testcase classname="CrossBrowserTesting.Demo" name="CrossBrowserTesting" time="5.746"/>
  <testcase classname="CrossBrowserTesting.Demo" name="verifycurrenturl" time="0.077"/>
  <testcase classname="CrossBrowserTesting.Demo" name="verifypagetitle" time="0.099"/>
  <testcase classname="CrossBrowserTesting.Demo" name="verifyusername" time="0.436"/>
  <testcase classname="CrossBrowserTesting.Demo" name="verifypasswordfield" time="0.448"/>
  <testcase classname="CrossBrowserTesting.Demo" name="verifyloginbutton" time="0.144"/>
</testsuite> <!-- Chrome Browser Test -->
