<?xml version="1.0" encoding="UTF-8"?>
<!-- Generated by org.testng.reporters.JUnitXMLReporter -->
<testsuite ignored="0" hostname="DESKTOP-RCIIT71" failures="0" tests="6" name="FirefoxBrowserTest" time="15.793" errors="0" timestamp="2022-08-06T12:41:26 IST">
  <testcase classname="CrossBrowserTesting.Demo" name="CrossBrowserTesting" time="9.875"/>
  <testcase classname="CrossBrowserTesting.Demo" name="verifycurrenturl" time="0.01"/>
  <testcase classname="CrossBrowserTesting.Demo" name="verifypagetitle" time="0.011"/>
  <testcase classname="CrossBrowserTesting.Demo" name="verifyusername" time="0.197"/>
  <testcase classname="CrossBrowserTesting.Demo" name="verifypasswordfield" time="0.078"/>
  <testcase classname="CrossBrowserTesting.Demo" name="verifyloginbutton" time="5.54"/>
</testsuite> <!-- FirefoxBrowserTest -->
