<?xml version="1.0" encoding="UTF-8"?>
<!-- Generated by org.testng.reporters.JUnitXMLReporter -->
<testsuite ignored="0" hostname="DESKTOP-RCIIT71" failures="0" tests="6" name="Chrome Browser Test" time="8.178" errors="0" timestamp="2022-08-05T16:56:29 IST">
  <testcase classname="CrossBrowserTesting.Demo" name="CrossBrowserTesting" time="7.407"/>
  <testcase classname="CrossBrowserTesting.Demo" name="verifycurrenturl" time="0.027"/>
  <testcase classname="CrossBrowserTesting.Demo" name="verifypagetitle" time="0.018"/>
  <testcase classname="CrossBrowserTesting.Demo" name="verifyusername" time="0.262"/>
  <testcase classname="CrossBrowserTesting.Demo" name="verifypasswordfield" time="0.207"/>
  <testcase classname="CrossBrowserTesting.Demo" name="verifyloginbutton" time="0.154"/>
</testsuite> <!-- Chrome Browser Test -->
