<?xml version="1.0" encoding="UTF-8"?>
<!-- Generated by org.testng.reporters.JUnitXMLReporter -->
<testsuite ignored="15" hostname="DESKTOP-RCIIT71" failures="0" tests="6" name="AllTest" time="0.112" errors="0" timestamp="2022-08-03T14:44:34 IST">
  <testcase classname="TestCase.Ex1ModuleNo1" name="Sanitytest" time="0.008"/>
  <testcase classname="TestCase.Ex1ModuleNo1" name="Sanitytest" time="0.001"/>
  <testcase classname="TestCase.Ex1ModuleNo1" name="Smoketest" time="0.002"/>
  <testcase classname="TestCase.Ex1ModuleNo1" name="Smoketest" time="0.004"/>
  <testcase classname="TestCase.Ex1ModuleNo4" name="Combinedtest12" time="0.002"/>
  <testcase classname="TestCase.Ex1ModuleNo4" name="Combinedtest231" time="0.004"/>
  <testcase classname="TestCase.Ex1ModuleNo2" name="BackendCoverageTest" time="0.0">
    <ignored/>
  </testcase> <!-- BackendCoverageTest -->
  <testcase classname="TestCase.Ex1ModuleNo2" name="CalculationBaseCoverageTest" time="0.0">
    <ignored/>
  </testcase> <!-- CalculationBaseCoverageTest -->
  <testcase classname="TestCase.Ex1ModuleNo2" name="ServiceBaseCoverageTest" time="0.0">
    <ignored/>
  </testcase> <!-- ServiceBaseCoverageTest -->
  <testcase classname="TestCase.Ex1ModuleNo4" name="GlobalizationTest" time="0.0">
    <ignored/>
  </testcase> <!-- GlobalizationTest -->
  <testcase classname="TestCase.Ex1ModuleNo3" name="RecoveryTest" time="0.0">
    <ignored/>
  </testcase> <!-- RecoveryTest -->
  <testcase classname="TestCase.Ex1ModuleNo2" name="FunctionalTest" time="0.0">
    <ignored/>
  </testcase> <!-- FunctionalTest -->
  <testcase classname="TestCase.Ex1ModuleNo4" name="InstallationTest" time="0.0">
    <ignored/>
  </testcase> <!-- InstallationTest -->
  <testcase classname="TestCase.Ex1ModuleNo3" name="ConfigurationTest" time="0.0">
    <ignored/>
  </testcase> <!-- ConfigurationTest -->
  <testcase classname="TestCase.Ex1ModuleNo3" name="NonFunctionalTest" time="0.0">
    <ignored/>
  </testcase> <!-- NonFunctionalTest -->
  <testcase classname="TestCase.Ex1ModuleNo3" name="CompatibilityTest1" time="0.0">
    <ignored/>
  </testcase> <!-- CompatibilityTest1 -->
  <testcase classname="TestCase.Ex1ModuleNo4" name="Combinedtest32" time="0.0">
    <ignored/>
  </testcase> <!-- Combinedtest32 -->
  <testcase classname="TestCase.Ex1ModuleNo2" name="ErrorhandalingCoverageTest" time="0.0">
    <ignored/>
  </testcase> <!-- ErrorhandalingCoverageTest -->
  <testcase classname="TestCase.Ex1ModuleNo2" name="FunctionalCoveragesTest" time="0.0">
    <ignored/>
  </testcase> <!-- FunctionalCoveragesTest -->
  <testcase classname="TestCase.Ex1ModuleNo2" name="InputDomainCoverageTest" time="0.0">
    <ignored/>
  </testcase> <!-- InputDomainCoverageTest -->
  <testcase classname="TestCase.Ex1ModuleNo2" name="BehaviriolCoverageTest" time="0.0">
    <ignored/>
  </testcase> <!-- BehaviriolCoverageTest -->
</testsuite> <!-- AllTest -->
